<?xml version="1.0" encoding="UTF-8"?>
<!-- Generated by org.testng.reporters.JUnitReportReporter -->
<testsuite hostname="LAPTOP-M2R423A9" failures="0" tests="1" name="com.postmethods.PostUsingFile" time="0.017" errors="0" timestamp="2021-03-24T11:37:30 IST" skipped="0">
  <testcase classname="com.postmethods.PostUsingFile" name="postFile" time="0.017"/>
  <system-out/>
</testsuite> <!-- com.postmethods.PostUsingFile -->
