<?xml version="1.0" encoding="UTF-8"?>
<!-- Generated by org.testng.reporters.JUnitReportReporter -->
<testsuite hostname="LAPTOP-M2R423A9" failures="0" tests="1" name="com.postmethods.PostRequest" time="2.656" errors="0" timestamp="2021-02-27T22:22:38 IST" skipped="0">
  <testcase classname="com.postmethods.PostRequest" name="postrequest" time="2.656"/>
  <system-out/>
</testsuite> <!-- com.postmethods.PostRequest -->
