<?xml version="1.0" encoding="UTF-8"?>
<!-- Generated by org.testng.reporters.JUnitReportReporter -->
<testsuite hostname="LAPTOP-M2R423A9" failures="0" tests="1" name="com.qa.tests.AddingTokens" time="2.326" errors="0" timestamp="2021-02-27T21:53:07 IST" skipped="0">
  <testcase classname="com.qa.tests.AddingTokens" name="addingToken" time="2.326"/>
  <system-out/>
</testsuite> <!-- com.qa.tests.AddingTokens -->
