<?xml version="1.0" encoding="UTF-8"?>
<!-- Generated by org.testng.reporters.JUnitReportReporter -->
<testsuite hostname="LAPTOP-M2R423A9" failures="0" tests="1" name="BarrerToken.TokenGenerator" time="2.910" errors="0" timestamp="2021-05-23T22:13:00 IST" skipped="0">
  <testcase classname="BarrerToken.TokenGenerator" name="tokenGenerator" time="2.910"/>
  <system-out/>
</testsuite> <!-- BarrerToken.TokenGenerator -->
